<?xml version="1.0" encoding="UTF-8"?>
<testsuite name="com.curso.android.app.practice.myapplication3.CompViewModelTest" tests="3" skipped="0" failures="0" errors="0" timestamp="2023-09-01T23:00:30" hostname="flor-desktop" time="0.004">
  <properties/>
  <testcase name="testCompNum_Num2MayorNum1" classname="com.curso.android.app.practice.myapplication3.CompViewModelTest" time="0.003"/>
  <testcase name="testCompNum_Num1MayorNum2" classname="com.curso.android.app.practice.myapplication3.CompViewModelTest" time="0.0"/>
  <testcase name="testCompNum_Num1IgualNum2" classname="com.curso.android.app.practice.myapplication3.CompViewModelTest" time="0.0"/>
  <system-out><![CDATA[]]></system-out>
  <system-err><![CDATA[]]></system-err>
</testsuite>
