<?xml version='1.0' encoding='UTF-8' ?>
<testsuite name="com.curso.android.app.practice.myapplication3.MainActivityTest" tests="1" failures="0" errors="0" skipped="0" time="3.351" timestamp="2023-09-01T22:59:38" hostname="localhost">
  <properties>
    <property name="device" value="Pixel_5_API_33(AVD) - 13" />
    <property name="flavor" value="" />
    <property name="project" value=":app" />
  </properties>
  <testcase name="testComp" classname="com.curso.android.app.practice.myapplication3.MainActivityTest" time="2.42" />
</testsuite>